<?xml version="1.0" encoding="UTF-8"?>
<!-- Generated by org.testng.reporters.JUnitReportReporter -->
<testsuite hostname="Shubhams-MacBook-Air.local" failures="0" tests="1" name="AllSession.Headers" time="4.445" errors="0" timestamp="2025-10-25T13:24:02 IST" skipped="0">
  <testcase classname="AllSession.Headers" name="test2" time="4.445"/>
</testsuite> <!-- AllSession.Headers -->
