<?xml version="1.0" encoding="UTF-8"?>
<!-- Generated by org.testng.reporters.JUnitReportReporter -->
<testsuite hostname="Shubhams-MacBook-Air.local" failures="0" tests="2" name="AllSession.PathAndQueryParameters" time="5.011" errors="0" timestamp="2025-10-25T12:15:39 IST" skipped="0">
  <testcase classname="AllSession.PathAndQueryParameters" name="test2" time="0.872"/>
  <testcase classname="AllSession.PathAndQueryParameters" name="test1" time="4.139"/>
</testsuite> <!-- AllSession.PathAndQueryParameters -->
