<?xml version="1.0" encoding="UTF-8"?>
<!-- Generated by org.testng.reporters.JUnitReportReporter -->
<testsuite hostname="Shubhams-MacBook-Air.local" failures="0" tests="1" name="AllSession.Cookies" time="4.590" errors="0" timestamp="2025-10-25T13:10:03 IST" skipped="0">
  <testcase classname="AllSession.Cookies" name="test1" time="4.590"/>
</testsuite> <!-- AllSession.Cookies -->
