<?xml version="1.0" encoding="UTF-8"?>
<!-- Generated by org.testng.reporters.JUnitReportReporter -->
<testsuite hostname="Shubhams-MacBook-Air.local" failures="0" tests="1" name="AllSession.testHeaders" time="5.505" errors="0" timestamp="2025-10-25T14:32:31 IST" skipped="0">
  <testcase classname="AllSession.testHeaders" name="test2" time="5.505"/>
</testsuite> <!-- AllSession.testHeaders -->
