<?xml version="1.0" encoding="UTF-8"?>
<!-- Generated by org.testng.reporters.JUnitReportReporter -->
<testsuite hostname="Shubhams-MacBook-Air.local" failures="0" tests="1" name="Day1.DffWaysToCreatePostRequestBody" time="6.836" errors="0" timestamp="2025-10-24T18:48:44 IST" skipped="0">
  <testcase classname="Day1.DffWaysToCreatePostRequestBody" name="testPostUsingPojoClass" time="6.836"/>
</testsuite> <!-- Day1.DffWaysToCreatePostRequestBody -->
