<?xml version="1.0" encoding="UTF-8"?>
<!-- Generated by org.testng.reporters.JUnitReportReporter -->
<testsuite hostname="Shubhams-MacBook-Air.local" failures="0" tests="2" name="AllSession.ValidateJsonResponse" time="3.631" errors="0" timestamp="2025-10-26T16:14:17 IST" skipped="0">
  <testcase classname="AllSession.ValidateJsonResponse" name="testJsonResponse" time="3.505"/>
  <testcase classname="AllSession.ValidateJsonResponse" name="testJsonResponse2" time="0.126"/>
</testsuite> <!-- AllSession.ValidateJsonResponse -->
